<?xml version="1.0" encoding="UTF-8"?>
<!-- Generated by org.testng.reporters.JUnitXMLReporter -->
<testsuite ignored="0" hostname="DESKTOP-VBAMR6R" failures="1" tests="2" name="Test" time="0.05" errors="0" timestamp="2022-04-08T19:42:30 IST">
  <testcase classname="com.tesng.Assert_Concept" name="demo" time="0.01">
    <failure type="java.lang.AssertionError" message="expected [neymar] but found [messi]">
      <![CDATA[java.lang.AssertionError: expected [neymar] but found [messi]
at com.tesng.Assert_Concept.demo(Assert_Concept.java:24)
at java.base/java.util.ArrayList.forEach(ArrayList.java:1511)
... Removed 33 stack frames]]>
    </failure>
  </testcase> <!-- demo -->
  <testcase classname="com.tesng.Assert_Concept" name="practice" time="0.001"/>
</testsuite> <!-- Test -->
