<?xml version="1.0" encoding="UTF-8"?>
<testng-results ignored="0" total="2" passed="2" failed="0" skipped="0">
  <reporter-output>
  </reporter-output>
  <suite started-at="2022-04-08T19:49:40 IST" name="Default suite" finished-at="2022-04-08T19:49:40 IST" duration-ms="128">
    <groups>
    </groups>
    <test started-at="2022-04-08T19:49:40 IST" name="Default test" finished-at="2022-04-08T19:49:40 IST" duration-ms="128">
      <class name="com.tesng.Assert_Concept">
        <test-method signature="demo()[pri:0, instance:com.tesng.Assert_Concept@2c9399a4]" started-at="2022-04-08T19:49:40 IST" name="demo" finished-at="2022-04-08T19:49:40 IST" duration-ms="24" status="PASS">
          <reporter-output>
          </reporter-output>
        </test-method> <!-- demo -->
        <test-method signature="practice()[pri:0, instance:com.tesng.Assert_Concept@2c9399a4]" started-at="2022-04-08T19:49:40 IST" name="practice" finished-at="2022-04-08T19:49:40 IST" duration-ms="3" status="PASS">
          <reporter-output>
          </reporter-output>
        </test-method> <!-- practice -->
      </class> <!-- com.tesng.Assert_Concept -->
    </test> <!-- Default test -->
  </suite> <!-- Default suite -->
</testng-results>
